  Enviroment.cpp
C:\Users\ocjla\source\repos\Raycaster_2\Raycaster_2\Enviroment.cpp(3,9): warning C4067: unexpected tokens following preprocessor directive - expected a newline
C:\Users\ocjla\source\repos\Raycaster_2\Raycaster_2\Enviroment.cpp(5,9): warning C4067: unexpected tokens following preprocessor directive - expected a newline
  Raycaster_2.cpp
C:\Users\ocjla\source\repos\Raycaster_2\Raycaster_2\Enviroment.cpp(3,9): warning C4067: unexpected tokens following preprocessor directive - expected a newline
C:\Users\ocjla\source\repos\Raycaster_2\Raycaster_2\Enviroment.cpp(5,9): warning C4067: unexpected tokens following preprocessor directive - expected a newline
C:\Users\ocjla\source\repos\Raycaster_2\Raycaster_2\Renderer.cpp(57,23): warning C4244: 'argument': conversion from 'double' to 'float', possible loss of data
C:\Users\ocjla\source\repos\Raycaster_2\Raycaster_2\Renderer.cpp(58,23): warning C4244: 'argument': conversion from 'double' to 'float', possible loss of data
C:\Users\ocjla\source\repos\Raycaster_2\Raycaster_2\Renderer.cpp(60,17): warning C4244: 'initializing': conversion from 'float' to 'int', possible loss of data
C:\Users\ocjla\source\repos\Raycaster_2\Raycaster_2\Renderer.cpp(61,17): warning C4244: 'initializing': conversion from 'float' to 'int', possible loss of data
C:\Users\ocjla\source\repos\Raycaster_2\Raycaster_2\Renderer.cpp(65,15): warning C4018: '<=': signed/unsigned mismatch
C:\Users\ocjla\source\repos\Raycaster_2\Raycaster_2\Renderer.cpp(65,50): warning C4018: '<=': signed/unsigned mismatch
C:\Users\ocjla\source\repos\Raycaster_2\Raycaster_2\Renderer.cpp(111,13): warning C4244: 'initializing': conversion from 'float' to 'int', possible loss of data
C:\Users\ocjla\source\repos\Raycaster_2\Raycaster_2\Renderer.cpp(112,13): warning C4018: '>': signed/unsigned mismatch
C:\Users\ocjla\source\repos\Raycaster_2\Raycaster_2\Renderer.cpp(138,21): warning C4018: '<': signed/unsigned mismatch
C:\Users\ocjla\source\repos\Raycaster_2\Raycaster_2\Renderer.cpp(143,18): warning C4244: 'initializing': conversion from 'float' to 'int', possible loss of data
C:\Users\ocjla\source\repos\Raycaster_2\Raycaster_2\Renderer.cpp(150,10): warning C4244: 'initializing': conversion from 'float' to 'int', possible loss of data
C:\Users\ocjla\source\repos\Raycaster_2\Raycaster_2\Renderer.cpp(154,11): warning C4244: 'initializing': conversion from 'float' to 'int', possible loss of data
C:\Users\ocjla\source\repos\Raycaster_2\Raycaster_2\Renderer.cpp(156,25): warning C4018: '>=': signed/unsigned mismatch
C:\Users\ocjla\source\repos\Raycaster_2\Raycaster_2\Renderer.cpp(172,21): warning C4018: '<': signed/unsigned mismatch
C:\Users\ocjla\source\repos\Raycaster_2\Raycaster_2\Raycaster_2.cpp(44,76): warning C4244: '+=': conversion from 'double' to 'float', possible loss of data
C:\Users\ocjla\source\repos\Raycaster_2\Raycaster_2\Raycaster_2.cpp(45,76): warning C4244: '+=': conversion from 'double' to 'float', possible loss of data
C:\Users\ocjla\source\repos\Raycaster_2\Raycaster_2\Raycaster_2.cpp(47,82): warning C4244: '+=': conversion from 'double' to 'float', possible loss of data
C:\Users\ocjla\source\repos\Raycaster_2\Raycaster_2\Raycaster_2.cpp(48,82): warning C4244: '+=': conversion from 'double' to 'float', possible loss of data
C:\Users\ocjla\source\repos\Raycaster_2\Raycaster_2\Raycaster_2.cpp(84,29): warning C4305: '+=': truncation from 'double' to 'float'
C:\Users\ocjla\source\repos\Raycaster_2\Raycaster_2\Raycaster_2.cpp(88,29): warning C4305: '-=': truncation from 'double' to 'float'
  Renderer.cpp
C:\Users\ocjla\source\repos\Raycaster_2\Raycaster_2\Renderer.cpp(57,23): warning C4244: 'argument': conversion from 'double' to 'float', possible loss of data
C:\Users\ocjla\source\repos\Raycaster_2\Raycaster_2\Renderer.cpp(58,23): warning C4244: 'argument': conversion from 'double' to 'float', possible loss of data
C:\Users\ocjla\source\repos\Raycaster_2\Raycaster_2\Renderer.cpp(60,17): warning C4244: 'initializing': conversion from 'float' to 'int', possible loss of data
C:\Users\ocjla\source\repos\Raycaster_2\Raycaster_2\Renderer.cpp(61,17): warning C4244: 'initializing': conversion from 'float' to 'int', possible loss of data
C:\Users\ocjla\source\repos\Raycaster_2\Raycaster_2\Renderer.cpp(65,15): warning C4018: '<=': signed/unsigned mismatch
C:\Users\ocjla\source\repos\Raycaster_2\Raycaster_2\Renderer.cpp(65,50): warning C4018: '<=': signed/unsigned mismatch
C:\Users\ocjla\source\repos\Raycaster_2\Raycaster_2\Renderer.cpp(111,13): warning C4244: 'initializing': conversion from 'float' to 'int', possible loss of data
C:\Users\ocjla\source\repos\Raycaster_2\Raycaster_2\Renderer.cpp(112,13): warning C4018: '>': signed/unsigned mismatch
C:\Users\ocjla\source\repos\Raycaster_2\Raycaster_2\Renderer.cpp(138,21): warning C4018: '<': signed/unsigned mismatch
C:\Users\ocjla\source\repos\Raycaster_2\Raycaster_2\Renderer.cpp(143,18): warning C4244: 'initializing': conversion from 'float' to 'int', possible loss of data
C:\Users\ocjla\source\repos\Raycaster_2\Raycaster_2\Renderer.cpp(150,10): warning C4244: 'initializing': conversion from 'float' to 'int', possible loss of data
C:\Users\ocjla\source\repos\Raycaster_2\Raycaster_2\Renderer.cpp(154,11): warning C4244: 'initializing': conversion from 'float' to 'int', possible loss of data
C:\Users\ocjla\source\repos\Raycaster_2\Raycaster_2\Renderer.cpp(156,25): warning C4018: '>=': signed/unsigned mismatch
C:\Users\ocjla\source\repos\Raycaster_2\Raycaster_2\Renderer.cpp(172,21): warning C4018: '<': signed/unsigned mismatch
  Generating Code...
  Raycaster_2.vcxproj -> C:\Users\ocjla\source\repos\Raycaster_2\Debug\Raycaster_2.exe
